TN:
SF:/Volumes/MacintoshHD/www/bootcamp-go-stack/go-barber/mobile/src/components/Button/index.tsx
FN:10,(anonymous_0)
FNF:1
FNH:1
FNDA:29,(anonymous_0)
DA:10,4
DA:11,29
LF:2
LH:2
BRF:0
BRH:0
end_of_record
TN:
SF:/Volumes/MacintoshHD/www/bootcamp-go-stack/go-barber/mobile/src/components/Input/index.tsx
FN:28,(anonymous_0)
FN:40,(anonymous_1)
FN:44,(anonymous_2)
FN:49,(anonymous_3)
FN:50,(anonymous_4)
FN:55,(anonymous_5)
FN:96,(anonymous_6)
FNF:7
FNH:7
FNDA:163,(anonymous_0)
FNDA:1,(anonymous_1)
FNDA:2,(anonymous_2)
FNDA:111,(anonymous_3)
FNDA:7,(anonymous_4)
FNDA:98,(anonymous_5)
FNDA:46,(anonymous_6)
DA:28,4
DA:32,163
DA:34,163
DA:35,163
DA:37,163
DA:38,163
DA:40,163
DA:41,1
DA:44,163
DA:45,2
DA:46,2
DA:49,163
DA:51,7
DA:55,163
DA:56,98
DA:71,163
DA:97,46
LF:17
LH:17
BRDA:29,0,0,145
BRDA:34,1,0,155
BRDA:79,2,0,163
BRDA:79,2,1,162
BRDA:84,3,0,2
BRDA:84,3,1,160
BRDA:84,4,0,162
BRDA:84,4,1,161
BRF:8
BRH:8
end_of_record
TN:
SF:/Volumes/MacintoshHD/www/bootcamp-go-stack/go-barber/mobile/src/hooks/auth.tsx
FN:39,(anonymous_0)
FN:43,(anonymous_1)
FN:44,loadStorageData
FN:61,(anonymous_3)
FN:82,(anonymous_4)
FN:89,(anonymous_5)
FN:109,useAuth
FNF:7
FNH:7
FNDA:14,(anonymous_0)
FNDA:4,(anonymous_1)
FNDA:4,loadStorageData
FNDA:1,(anonymous_3)
FNDA:1,(anonymous_4)
FNDA:1,(anonymous_5)
FNDA:14,useAuth
DA:37,1
DA:39,1
DA:40,14
DA:41,14
DA:43,14
DA:45,4
DA:50,4
DA:51,3
DA:52,3
DA:55,4
DA:58,4
DA:61,14
DA:62,1
DA:67,1
DA:69,1
DA:74,1
DA:76,1
DA:82,14
DA:83,1
DA:85,1
DA:88,14
DA:90,1
DA:92,1
DA:100,14
DA:110,14
DA:112,14
LF:26
LH:26
BRDA:50,0,0,3
BRDA:50,0,1,1
BRDA:50,1,0,4
BRDA:50,1,1,3
BRF:4
BRH:4
end_of_record
TN:
SF:/Volumes/MacintoshHD/www/bootcamp-go-stack/go-barber/mobile/src/pages/AppointmentCreated/index.tsx
FN:20,(anonymous_0)
FN:26,(anonymous_1)
FN:34,(anonymous_2)
FNF:3
FNH:3
FNDA:2,(anonymous_0)
FNDA:2,(anonymous_1)
FNDA:1,(anonymous_2)
DA:20,1
DA:21,2
DA:23,2
DA:24,2
DA:26,2
DA:27,2
DA:34,2
DA:35,1
DA:41,2
LF:9
LH:9
BRF:0
BRH:0
end_of_record
TN:
SF:/Volumes/MacintoshHD/www/bootcamp-go-stack/go-barber/mobile/src/pages/CreateAppointment/index.tsx
FN:46,(anonymous_0)
FN:65,(anonymous_1)
FN:75,(anonymous_2)
FN:76,(anonymous_3)
FN:81,(anonymous_4)
FN:90,(anonymous_5)
FN:96,(anonymous_6)
FN:100,(anonymous_7)
FN:104,(anonymous_8)
FN:105,(anonymous_9)
FN:108,(anonymous_10)
FN:112,(anonymous_11)
FN:114,(anonymous_12)
FN:120,(anonymous_13)
FN:143,(anonymous_14)
FN:145,(anonymous_15)
FN:146,(anonymous_16)
FN:155,(anonymous_17)
FN:157,(anonymous_18)
FN:158,(anonymous_19)
FN:187,(anonymous_20)
FN:188,(anonymous_21)
FN:191,(anonymous_22)
FN:233,(anonymous_23)
FN:240,(anonymous_24)
FN:256,(anonymous_25)
FN:263,(anonymous_26)
FNF:27
FNH:27
FNDA:54,(anonymous_0)
FNDA:12,(anonymous_1)
FNDA:12,(anonymous_2)
FNDA:12,(anonymous_3)
FNDA:13,(anonymous_4)
FNDA:12,(anonymous_5)
FNDA:1,(anonymous_6)
FNDA:1,(anonymous_7)
FNDA:3,(anonymous_8)
FNDA:3,(anonymous_9)
FNDA:2,(anonymous_10)
FNDA:25,(anonymous_11)
FNDA:14,(anonymous_12)
FNDA:2,(anonymous_13)
FNDA:24,(anonymous_14)
FNDA:120,(anonymous_15)
FNDA:48,(anonymous_16)
FNDA:24,(anonymous_17)
FNDA:120,(anonymous_18)
FNDA:72,(anonymous_19)
FNDA:180,(anonymous_20)
FNDA:90,(anonymous_21)
FNDA:1,(anonymous_22)
FNDA:120,(anonymous_23)
FNDA:1,(anonymous_24)
FNDA:180,(anonymous_25)
FNDA:1,(anonymous_26)
DA:46,1
DA:47,54
DA:48,54
DA:50,54
DA:51,54
DA:53,54
DA:54,54
DA:55,54
DA:58,54
DA:59,54
DA:60,54
DA:64,54
DA:66,12
DA:67,1
DA:70,12
DA:75,54
DA:76,12
DA:77,12
DA:81,54
DA:82,13
DA:91,12
DA:92,12
DA:96,54
DA:97,1
DA:100,54
DA:101,1
DA:104,54
DA:105,3
DA:108,54
DA:109,2
DA:112,54
DA:113,25
DA:114,14
DA:117,25
DA:120,54
DA:121,2
DA:122,2
DA:123,2
DA:124,2
DA:126,2
DA:131,1
DA:136,1
DA:143,54
DA:144,24
DA:145,120
DA:147,48
DA:155,54
DA:156,24
DA:157,120
DA:159,72
DA:167,54
DA:187,180
DA:189,90
DA:191,1
DA:234,120
DA:240,1
DA:257,180
DA:263,1
LF:58
LH:58
BRDA:66,0,0,1
BRDA:66,0,1,11
BRDA:117,1,0,25
BRDA:117,1,1,12
BRDA:215,2,0,54
BRDA:215,2,1,3
BRF:6
BRH:6
end_of_record
TN:
SF:/Volumes/MacintoshHD/www/bootcamp-go-stack/go-barber/mobile/src/pages/Dashboard/index.tsx
FN:28,(anonymous_0)
FN:34,(anonymous_1)
FN:39,(anonymous_2)
FN:45,(anonymous_3)
FN:46,(anonymous_4)
FN:68,(anonymous_5)
FN:72,(anonymous_6)
FN:75,(anonymous_7)
FNF:8
FNH:8
FNDA:10,(anonymous_0)
FNDA:1,(anonymous_1)
FNDA:1,(anonymous_2)
FNDA:5,(anonymous_3)
FNDA:5,(anonymous_4)
FNDA:24,(anonymous_5)
FNDA:12,(anonymous_6)
FNDA:1,(anonymous_7)
DA:28,1
DA:29,10
DA:31,10
DA:32,10
DA:34,10
DA:35,1
DA:38,10
DA:40,1
DA:45,10
DA:46,5
DA:47,5
DA:51,10
DA:68,24
DA:73,12
DA:75,1
LF:15
LH:15
BRF:0
BRH:0
end_of_record
TN:
SF:/Volumes/MacintoshHD/www/bootcamp-go-stack/go-barber/mobile/src/pages/Profile/index.tsx
FN:45,(anonymous_0)
FN:57,(anonymous_1)
FN:62,(anonymous_2)
FN:73,(anonymous_3)
FN:81,(anonymous_4)
FN:141,(anonymous_5)
FN:149,(anonymous_6)
FN:168,(anonymous_7)
FN:178,(anonymous_8)
FN:182,(anonymous_9)
FN:230,(anonymous_10)
FN:242,(anonymous_11)
FN:254,(anonymous_12)
FN:265,(anonymous_13)
FN:276,(anonymous_14)
FN:279,(anonymous_15)
FNF:16
FNH:16
FNDA:12,(anonymous_0)
FNDA:1,(anonymous_1)
FNDA:5,(anonymous_2)
FNDA:10,(anonymous_3)
FNDA:10,(anonymous_4)
FNDA:4,(anonymous_5)
FNDA:4,(anonymous_6)
FNDA:2,(anonymous_7)
FNDA:1,(anonymous_8)
FNDA:1,(anonymous_9)
FNDA:1,(anonymous_10)
FNDA:1,(anonymous_11)
FNDA:1,(anonymous_12)
FNDA:1,(anonymous_13)
FNDA:1,(anonymous_14)
FNDA:4,(anonymous_15)
DA:45,1
DA:46,12
DA:48,12
DA:50,12
DA:51,12
DA:52,12
DA:53,12
DA:55,12
DA:57,12
DA:58,1
DA:61,12
DA:63,5
DA:64,5
DA:66,5
DA:73,10
DA:81,10
DA:90,5
DA:100,4
DA:102,4
DA:114,4
DA:116,3
DA:118,3
DA:123,3
DA:125,2
DA:126,1
DA:127,1
DA:129,1
DA:132,1
DA:141,12
DA:142,4
DA:150,4
DA:151,1
DA:154,3
DA:155,1
DA:156,1
DA:159,2
DA:169,2
DA:170,2
DA:176,2
DA:179,1
DA:180,1
DA:183,1
DA:193,12
DA:230,1
DA:242,1
DA:254,1
DA:265,1
DA:276,1
DA:279,4
LF:49
LH:49
BRDA:105,0,0,1
BRDA:105,0,1,3
BRDA:125,1,0,1
BRDA:125,1,1,1
BRDA:150,2,0,1
BRDA:150,2,1,3
BRDA:154,3,0,1
BRDA:154,3,1,2
BRDA:199,4,0,11
BRDA:199,4,1,1
BRF:10
BRH:10
end_of_record
TN:
SF:/Volumes/MacintoshHD/www/bootcamp-go-stack/go-barber/mobile/src/pages/SignIn/index.tsx
FN:40,(anonymous_0)
FN:49,(anonymous_1)
FN:114,(anonymous_2)
FN:124,(anonymous_3)
FN:127,(anonymous_4)
FN:141,(anonymous_5)
FNF:6
FNH:6
FNDA:8,(anonymous_0)
FNDA:4,(anonymous_1)
FNDA:1,(anonymous_2)
FNDA:1,(anonymous_3)
FNDA:3,(anonymous_4)
FNDA:1,(anonymous_5)
DA:40,1
DA:41,8
DA:42,8
DA:44,8
DA:46,8
DA:48,8
DA:50,4
DA:51,4
DA:53,4
DA:60,4
DA:64,3
DA:69,2
DA:70,1
DA:71,1
DA:73,1
DA:76,1
DA:85,8
DA:114,1
DA:124,1
DA:127,3
DA:141,1
LF:21
LH:21
BRDA:69,0,0,1
BRDA:69,0,1,1
BRDA:91,1,0,7
BRDA:91,1,1,1
BRF:4
BRH:4
end_of_record
TN:
SF:/Volumes/MacintoshHD/www/bootcamp-go-stack/go-barber/mobile/src/pages/SignUp/index.tsx
FN:34,(anonymous_0)
FN:43,(anonymous_1)
FN:110,(anonymous_2)
FN:122,(anonymous_3)
FN:133,(anonymous_4)
FN:136,(anonymous_5)
FN:144,(anonymous_6)
FNF:7
FNH:7
FNDA:8,(anonymous_0)
FNDA:4,(anonymous_1)
FNDA:1,(anonymous_2)
FNDA:1,(anonymous_3)
FNDA:1,(anonymous_4)
FNDA:3,(anonymous_5)
FNDA:1,(anonymous_6)
DA:34,1
DA:35,8
DA:37,8
DA:38,8
DA:40,8
DA:42,8
DA:44,4
DA:45,4
DA:47,4
DA:55,4
DA:59,3
DA:61,2
DA:66,2
DA:68,2
DA:69,1
DA:70,1
DA:72,1
DA:75,1
DA:84,8
DA:110,1
DA:122,1
DA:133,1
DA:136,3
DA:144,1
LF:24
LH:24
BRDA:68,0,0,1
BRDA:68,0,1,1
BRDA:90,1,0,7
BRDA:90,1,1,1
BRF:4
BRH:4
end_of_record
